#
# There is insufficient memory for the Java Runtime Environment to continue.
# Native memory allocation (malloc) failed to allocate 1045456 bytes for Chunk::new
# Possible reasons:
#   The system is out of physical RAM or swap space
#   The process is running with CompressedOops enabled, and the Java Heap may be blocking the growth of the native heap
# Possible solutions:
#   Reduce memory load on the system
#   Increase physical memory or swap space
#   Check if swap backing store is full
#   Decrease Java heap size (-Xmx/-Xms)
#   Decrease number of Java threads
#   Decrease Java thread stack sizes (-Xss)
#   Set larger code cache with -XX:ReservedCodeCacheSize=
#   JVM is running with Unscaled Compressed Oops mode in which the Java heap is
#     placed in the first 4GB address space. The Java Heap base address is the
#     maximum limit for the native heap growth. Please use -XX:HeapBaseMinAddress
#     to set the Java Heap base and to place the Java Heap above 4GB virtual address.
# This output file may be truncated or incomplete.
#
#  Out of Memory Error (allocation.cpp:389), pid=6504, tid=0x0000000000001e98
#
# JRE version: OpenJDK Runtime Environment (8.0_202-b03) (build 1.8.0_202-release-1483-b03)
# Java VM: OpenJDK 64-Bit Server VM (25.202-b03 mixed mode windows-amd64 compressed oops)
# Failed to write core dump. Minidumps are not enabled by default on client versions of Windows
#

---------------  T H R E A D  ---------------

Current thread (0x00000000165db000):  JavaThread "C2 CompilerThread1" daemon [_thread_in_native, id=7832, stack(0x0000000017d30000,0x0000000017e30000)]

Stack: [0x0000000017d30000,0x0000000017e30000]
[error occurred during error reporting (printing stack bounds), id 0xc0000005]

Native frames: (J=compiled Java code, j=interpreted, Vv=VM code, C=native code)


Current CompileTask:
C2: 206956 18104 %     4       com.android.tools.r8.ir.conversion.IRBuilder::a @ 153 (2002 bytes)


---------------  P R O C E S S  ---------------

Java Threads: ( => current thread )
  0x0000000018991800 JavaThread "WorkerExecutor Queue Thread 5" [_thread_in_Java, id=7128, stack(0x0000000027400000,0x0000000027500000)]
  0x000000001898e000 JavaThread "WorkerExecutor Queue Thread 4" [_thread_blocked, id=4624, stack(0x000000001ab80000,0x000000001ac80000)]
  0x0000000018993000 JavaThread "Cache worker for Java compile cache (D:\kuliah\semester 6\Kewirausahaan\Project\KancaTani\.gradle\5.4.1\javaCompile)" [_thread_blocked, id=9060, stack(0x0000000025830000,0x0000000025930000)]
  0x0000000018991000 JavaThread "Cache worker for Java compile cache (C:\Users\Rian03\.gradle\caches\5.4.1\javaCompile)" [_thread_blocked, id=7140, stack(0x0000000023ad0000,0x0000000023bd0000)]
  0x0000000018bd4000 JavaThread "WorkerExecutor Queue Thread 3" [_thread_in_native, id=4264, stack(0x0000000025730000,0x0000000025830000)]
  0x0000000019779000 JavaThread "RMI TCP Connection(idle)" daemon [_thread_blocked, id=8860, stack(0x0000000025430000,0x0000000025530000)]
  0x000000001be69000 JavaThread "RMI Reaper" [_thread_blocked, id=6356, stack(0x0000000025330000,0x0000000025430000)]
  0x000000001c21f800 JavaThread "RMI TCP Accept-0" daemon [_thread_in_native, id=9672, stack(0x0000000025230000,0x0000000025330000)]
  0x000000001c21c800 JavaThread "GC Daemon" daemon [_thread_blocked, id=10880, stack(0x0000000025130000,0x0000000025230000)]
  0x000000001c221000 JavaThread "RMI Scheduler(0)" daemon [_thread_blocked, id=236, stack(0x0000000023660000,0x0000000023760000)]
  0x000000001c222800 JavaThread "WorkerExecutor Queue Thread 2" [_thread_blocked, id=4100, stack(0x0000000023560000,0x0000000023660000)]
  0x000000001be76000 JavaThread "stdout" [_thread_in_native, id=5296, stack(0x0000000023460000,0x0000000023560000)]
  0x000000001be74800 JavaThread "stderr" [_thread_in_native, id=284, stack(0x0000000023360000,0x0000000023460000)]
  0x000000001be75000 JavaThread "pool-4-thread-1" [_thread_blocked, id=612, stack(0x0000000023260000,0x0000000023360000)]
  0x000000001be6d000 JavaThread "WorkerExecutor Queue" [_thread_in_Java, id=5552, stack(0x00000000237d0000,0x00000000238d0000)]
  0x000000001be73800 JavaThread "Cache worker for execution history cache (D:\kuliah\semester 6\Kewirausahaan\Project\KancaTani\.gradle\5.4.1\executionHistory)" [_thread_blocked, id=8204, stack(0x0000000023160000,0x0000000023260000)]
  0x000000001be72000 JavaThread "Execution worker for ':' Thread 3" [_thread_blocked, id=9032, stack(0x0000000022e30000,0x0000000022f30000)]
  0x000000001be71800 JavaThread "Execution worker for ':' Thread 2" [_thread_blocked, id=6972, stack(0x0000000021b60000,0x0000000021c60000)]
  0x000000001be73000 JavaThread "Execution worker for ':'" [_thread_blocked, id=8672, stack(0x0000000021860000,0x0000000021960000)]
  0x000000001be70800 JavaThread "Cache worker for file content cache (D:\kuliah\semester 6\Kewirausahaan\Project\KancaTani\.gradle\5.4.1\fileContent)" [_thread_blocked, id=11876, stack(0x0000000021360000,0x0000000021460000)]
  0x000000001be6f000 JavaThread "Cache worker for Build Output Cleanup Cache (D:\kuliah\semester 6\Kewirausahaan\Project\KancaTani\.gradle\buildOutputCleanup)" [_thread_blocked, id=9536, stack(0x0000000020260000,0x0000000020360000)]
  0x000000001be6b800 JavaThread "Build operations Thread 4" [_thread_blocked, id=8660, stack(0x000000001fb60000,0x000000001fc60000)]
  0x000000001be67800 JavaThread "Build operations Thread 3" [_thread_blocked, id=1740, stack(0x000000001fa60000,0x000000001fb60000)]
  0x000000001be68800 JavaThread "Build operations Thread 2" [_thread_blocked, id=11936, stack(0x000000001f960000,0x000000001fa60000)]
  0x000000001be6a800 JavaThread "Build operations" [_thread_blocked, id=2444, stack(0x000000001f860000,0x000000001f960000)]
  0x000000001be6c000 JavaThread "Cache worker for cache directory md-rule (C:\Users\Rian03\.gradle\caches\5.4.1\md-rule)" [_thread_blocked, id=3644, stack(0x000000001f460000,0x000000001f560000)]
  0x000000001be6a000 JavaThread "Cache worker for cache directory md-supplier (C:\Users\Rian03\.gradle\caches\5.4.1\md-supplier)" [_thread_blocked, id=9752, stack(0x000000001e760000,0x000000001e860000)]
  0x0000000018bd3000 JavaThread "Cache worker for file hash cache (D:\kuliah\semester 6\Kewirausahaan\Project\KancaTani\.gradle\5.4.1\fileHashes)" [_thread_blocked, id=7636, stack(0x000000001e3f0000,0x000000001e4f0000)]
  0x0000000018bd2800 JavaThread "Thread-39" [_thread_blocked, id=12140, stack(0x000000001ae80000,0x000000001af80000)]
  0x0000000018bd8800 JavaThread "Asynchronous log dispatcher for DefaultDaemonConnection: socket connection from /127.0.0.1:54820 to /127.0.0.1:54826" [_thread_blocked, id=11928, stack(0x000000001aa80000,0x000000001ab80000)]
  0x0000000018bd6000 JavaThread "Daemon worker Thread 2" [_thread_in_Java, id=1428, stack(0x000000001a780000,0x000000001a880000)]
  0x0000000018bd7000 JavaThread "Cancel handler" [_thread_blocked, id=8832, stack(0x000000001a680000,0x000000001a780000)]
  0x0000000018bd7800 JavaThread "Handler for socket connection from /127.0.0.1:54820 to /127.0.0.1:54826" [_thread_in_native, id=9136, stack(0x0000000001040000,0x0000000001140000)]
  0x0000000018bd4800 JavaThread "Daemon Thread 2" [_thread_blocked, id=6016, stack(0x0000000000f40000,0x0000000001040000)]
  0x000000001be67000 JavaThread "Cache worker for file content cache (C:\Users\Rian03\.gradle\caches\5.4.1\fileContent)" [_thread_blocked, id=11580, stack(0x0000000021260000,0x0000000021360000)]
  0x000000001c222000 JavaThread "Memory manager" [_thread_blocked, id=2284, stack(0x0000000020f60000,0x0000000021060000)]
  0x000000001c21d800 JavaThread "Cache worker for execution history cache (C:\Users\Rian03\.gradle\caches\5.4.1\executionHistory)" [_thread_blocked, id=10248, stack(0x000000001f560000,0x000000001f660000)]
  0x0000000019774800 JavaThread "Cache worker for journal cache (C:\Users\Rian03\.gradle\caches\journal-1)" [_thread_blocked, id=8568, stack(0x000000001b380000,0x000000001b480000)]
  0x0000000019778800 JavaThread "File lock request listener" [_thread_in_native, id=9344, stack(0x000000001b080000,0x000000001b180000)]
  0x00000000197a9800 JavaThread "Cache worker for file hash cache (C:\Users\Rian03\.gradle\caches\5.4.1\fileHashes)" [_thread_blocked, id=6496, stack(0x000000001af80000,0x000000001b080000)]
  0x00000000196fc800 JavaThread "Daemon periodic checks" [_thread_blocked, id=7464, stack(0x000000001a580000,0x000000001a680000)]
  0x0000000019488000 JavaThread "Incoming local TCP Connector on port 54820" [_thread_in_native, id=5840, stack(0x000000001a340000,0x000000001a440000)]
  0x00000000194f0800 JavaThread "Daemon health stats" [_thread_blocked, id=6236, stack(0x0000000019d00000,0x0000000019e00000)]
  0x0000000017e3e800 JavaThread "Service Thread" daemon [_thread_blocked, id=9644, stack(0x0000000018330000,0x0000000018430000)]
  0x000000001663d800 JavaThread "C1 CompilerThread2" daemon [_thread_blocked, id=6292, stack(0x0000000018230000,0x0000000018330000)]
=>0x00000000165db000 JavaThread "C2 CompilerThread1" daemon [_thread_in_native, id=7832, stack(0x0000000017d30000,0x0000000017e30000)]
  0x00000000165d8000 JavaThread "C2 CompilerThread0" daemon [_thread_in_native, id=5256, stack(0x0000000017c30000,0x0000000017d30000)]
  0x00000000165e5800 JavaThread "Attach Listener" daemon [_thread_blocked, id=10852, stack(0x0000000017b30000,0x0000000017c30000)]
  0x00000000165e4000 JavaThread "Signal Dispatcher" daemon [_thread_blocked, id=10076, stack(0x0000000017a30000,0x0000000017b30000)]
  0x0000000002c6b000 JavaThread "Finalizer" daemon [_thread_blocked, id=1444, stack(0x0000000017830000,0x0000000017930000)]
  0x00000000165c9000 JavaThread "Reference Handler" daemon [_thread_blocked, id=7088, stack(0x0000000017730000,0x0000000017830000)]
  0x0000000002b6d800 JavaThread "main" [_thread_blocked, id=3636, stack(0x00000000029e0000,0x0000000002ae0000)]

Other Threads:
  0x00000000165a7800 VMThread [stack: 0x0000000017630000,0x0000000017730000] [id=3916]
  0x0000000017e3f000 WatcherThread [stack: 0x0000000018430000,0x0000000018530000] [id=5760]

VM state:not at safepoint (normal execution)

VM Mutex/Monitor currently owned by a thread: None

heap address: 0x00000000a0000000, size: 1536 MB, Compressed Oops mode: 32-bit
Narrow klass base: 0x0000000000000000, Narrow klass shift: 3
Compressed class space size: 1073741824 Address: 0x0000000100000000

Heap:
 PSYoungGen      total 310784K, used 204112K [0x00000000e0000000, 0x00000000f9100000, 0x0000000100000000)
  eden space 268800K, 75% used [0x00000000e0000000,0x00000000ec7540a8,0x00000000f0680000)
  from space 41984K, 0% used [0x00000000f3d80000,0x00000000f3d80000,0x00000000f6680000)
  to   space 56320K, 0% used [0x00000000f0680000,0x00000000f0680000,0x00000000f3d80000)
 ParOldGen       total 87552K, used 87347K [0x00000000a0000000, 0x00000000a5580000, 0x00000000e0000000)
  object space 87552K, 99% used [0x00000000a0000000,0x00000000a554cd38,0x00000000a5580000)
 Metaspace       used 91372K, capacity 94864K, committed 94936K, reserved 1132544K
  class space    used 11808K, capacity 12486K, committed 12544K, reserved 1048576K

Card table byte_map: [0x0000000012030000,0x0000000012340000] byte_map_base: 0x0000000011b30000

Marking Bits: (ParMarkBitMap*) 0x000000006a079f30
 Begin Bits: [0x0000000012940000, 0x0000000014140000)
 End Bits:   [0x0000000014140000, 0x0000000015940000)

Polling page: 0x0000000000e20000

CodeCache: size=245760Kb used=52387Kb max_used=52423Kb free=193373Kb
 bounds [0x0000000002c70000, 0x0000000006030000, 0x0000000011c70000]
 total_blobs=16262 nmethods=15385 adapters=790
 compilation: enabled

Compilation events (10 events):
Event: 206.923 Thread 0x000000001663d800 18820       2       com.android.builder.dexing.DirectoryBasedClassFileInput$$Lambda$508/551980452::apply (12 bytes)
Event: 206.924 Thread 0x000000001663d800 nmethod 18820 0x0000000003d07650 code [0x0000000003d077c0, 0x0000000003d07a78]
Event: 206.924 Thread 0x000000001663d800 18821       2       com.android.utils.PathUtils::toSystemIndependentPath (42 bytes)
Event: 206.925 Thread 0x000000001663d800 nmethod 18821 0x0000000003d06e10 code [0x0000000003d07000, 0x0000000003d07378]
Event: 206.936 Thread 0x000000001663d800 18822       1       com.android.tools.r8.ir.code.Cmp::J1 (2 bytes)
Event: 206.936 Thread 0x000000001663d800 nmethod 18822 0x0000000003d06b50 code [0x0000000003d06ca0, 0x0000000003d06db0]
Event: 206.936 Thread 0x000000001663d800 18823       1       com.android.tools.r8.ir.code.j0::J1 (2 bytes)
Event: 206.937 Thread 0x000000001663d800 nmethod 18823 0x0000000003d06890 code [0x0000000003d069e0, 0x0000000003d06af0]
Event: 206.938 Thread 0x000000001663d800 18824 %     3       com.android.tools.r8.ir.code.Value::a @ 138 (186 bytes)
Event: 206.941 Thread 0x000000001663d800 nmethod 18824% 0x00000000041ca590 code [0x00000000041ca8a0, 0x00000000041cc268]

GC Heap History (10 events):
Event: 178.315 GC heap before
{Heap before GC invocations=22 (full 3):
 PSYoungGen      total 274432K, used 271780K [0x00000000e0000000, 0x00000000f3600000, 0x0000000100000000)
  eden space 244224K, 100% used [0x00000000e0000000,0x00000000eee80000,0x00000000eee80000)
  from space 30208K, 91% used [0x00000000f0f80000,0x00000000f2a69088,0x00000000f2d00000)
  to   space 33792K, 0% used [0x00000000eee80000,0x00000000eee80000,0x00000000f0f80000)
 ParOldGen       total 87552K, used 58588K [0x00000000a0000000, 0x00000000a5580000, 0x00000000e0000000)
  object space 87552K, 66% used [0x00000000a0000000,0x00000000a3937240,0x00000000a5580000)
 Metaspace       used 79786K, capacity 82526K, committed 82648K, reserved 1120256K
  class space    used 10402K, capacity 10979K, committed 11008K, reserved 1048576K
Event: 178.746 GC heap after
Heap after GC invocations=22 (full 3):
 PSYoungGen      total 278016K, used 33791K [0x00000000e0000000, 0x00000000f6680000, 0x0000000100000000)
  eden space 244224K, 0% used [0x00000000e0000000,0x00000000e0000000,0x00000000eee80000)
  from space 33792K, 99% used [0x00000000eee80000,0x00000000f0f7fda8,0x00000000f0f80000)
  to   space 41984K, 0% used [0x00000000f3d80000,0x00000000f3d80000,0x00000000f6680000)
 ParOldGen       total 87552K, used 66202K [0x00000000a0000000, 0x00000000a5580000, 0x00000000e0000000)
  object space 87552K, 75% used [0x00000000a0000000,0x00000000a40a6b28,0x00000000a5580000)
 Metaspace       used 79786K, capacity 82526K, committed 82648K, reserved 1120256K
  class space    used 10402K, capacity 10979K, committed 11008K, reserved 1048576K
}
Event: 188.153 GC heap before
{Heap before GC invocations=23 (full 3):
 PSYoungGen      total 278016K, used 278015K [0x00000000e0000000, 0x00000000f6680000, 0x0000000100000000)
  eden space 244224K, 100% used [0x00000000e0000000,0x00000000eee80000,0x00000000eee80000)
  from space 33792K, 99% used [0x00000000eee80000,0x00000000f0f7fda8,0x00000000f0f80000)
  to   space 41984K, 0% used [0x00000000f3d80000,0x00000000f3d80000,0x00000000f6680000)
 ParOldGen       total 87552K, used 66202K [0x00000000a0000000, 0x00000000a5580000, 0x00000000e0000000)
  object space 87552K, 75% used [0x00000000a0000000,0x00000000a40a6b28,0x00000000a5580000)
 Metaspace       used 88024K, capacity 91274K, committed 91480K, reserved 1128448K
  class space    used 11471K, capacity 12121K, committed 12160K, reserved 1048576K
Event: 189.174 GC heap after
Heap after GC invocations=23 (full 3):
 PSYoungGen      total 310784K, used 41980K [0x00000000e0000000, 0x00000000f9100000, 0x0000000100000000)
  eden space 268800K, 0% used [0x00000000e0000000,0x00000000e0000000,0x00000000f0680000)
  from space 41984K, 99% used [0x00000000f3d80000,0x00000000f667f0c8,0x00000000f6680000)
  to   space 56320K, 0% used [0x00000000f0680000,0x00000000f0680000,0x00000000f3d80000)
 ParOldGen       total 87552K, used 86677K [0x00000000a0000000, 0x00000000a5580000, 0x00000000e0000000)
  object space 87552K, 99% used [0x00000000a0000000,0x00000000a54a5610,0x00000000a5580000)
 Metaspace       used 88024K, capacity 91274K, committed 91480K, reserved 1128448K
  class space    used 11471K, capacity 12121K, committed 12160K, reserved 1048576K
}
Event: 189.174 GC heap before
{Heap before GC invocations=24 (full 4):
 PSYoungGen      total 310784K, used 41980K [0x00000000e0000000, 0x00000000f9100000, 0x0000000100000000)
  eden space 268800K, 0% used [0x00000000e0000000,0x00000000e0000000,0x00000000f0680000)
  from space 41984K, 99% used [0x00000000f3d80000,0x00000000f667f0c8,0x00000000f6680000)
  to   space 56320K, 0% used [0x00000000f0680000,0x00000000f0680000,0x00000000f3d80000)
 ParOldGen       total 87552K, used 86677K [0x00000000a0000000, 0x00000000a5580000, 0x00000000e0000000)
  object space 87552K, 99% used [0x00000000a0000000,0x00000000a54a5610,0x00000000a5580000)
 Metaspace       used 88024K, capacity 91274K, committed 91480K, reserved 1128448K
  class space    used 11471K, capacity 12121K, committed 12160K, reserved 1048576K
Event: 191.654 GC heap after
Heap after GC invocations=24 (full 4):
 PSYoungGen      total 310784K, used 1519K [0x00000000e0000000, 0x00000000f9100000, 0x0000000100000000)
  eden space 268800K, 0% used [0x00000000e0000000,0x00000000e0000000,0x00000000f0680000)
  from space 41984K, 3% used [0x00000000f3d80000,0x00000000f3efbd68,0x00000000f6680000)
  to   space 56320K, 0% used [0x00000000f0680000,0x00000000f0680000,0x00000000f3d80000)
 ParOldGen       total 87552K, used 87394K [0x00000000a0000000, 0x00000000a5580000, 0x00000000e0000000)
  object space 87552K, 99% used [0x00000000a0000000,0x00000000a5558b48,0x00000000a5580000)
 Metaspace       used 87944K, capacity 91040K, committed 91480K, reserved 1128448K
  class space    used 11445K, capacity 12076K, committed 12160K, reserved 1048576K
}
Event: 199.236 GC heap before
{Heap before GC invocations=25 (full 5):
 PSYoungGen      total 310784K, used 270319K [0x00000000e0000000, 0x00000000f9100000, 0x0000000100000000)
  eden space 268800K, 100% used [0x00000000e0000000,0x00000000f0680000,0x00000000f0680000)
  from space 41984K, 3% used [0x00000000f3d80000,0x00000000f3efbd68,0x00000000f6680000)
  to   space 56320K, 0% used [0x00000000f0680000,0x00000000f0680000,0x00000000f3d80000)
 ParOldGen       total 87552K, used 87394K [0x00000000a0000000, 0x00000000a5580000, 0x00000000e0000000)
  object space 87552K, 99% used [0x00000000a0000000,0x00000000a5558b48,0x00000000a5580000)
 Metaspace       used 90840K, capacity 94244K, committed 94296K, reserved 1130496K
  class space    used 11758K, capacity 12402K, committed 12416K, reserved 1048576K
Event: 200.742 GC heap after
Heap after GC invocations=25 (full 5):
 PSYoungGen      total 310784K, used 0K [0x00000000e0000000, 0x00000000f9100000, 0x0000000100000000)
  eden space 268800K, 0% used [0x00000000e0000000,0x00000000e0000000,0x00000000f0680000)
  from space 41984K, 0% used [0x00000000f3d80000,0x00000000f3d80000,0x00000000f6680000)
  to   space 56320K, 0% used [0x00000000f0680000,0x00000000f0680000,0x00000000f3d80000)
 ParOldGen       total 87552K, used 87162K [0x00000000a0000000, 0x00000000a5580000, 0x00000000e0000000)
  object space 87552K, 99% used [0x00000000a0000000,0x00000000a551ea10,0x00000000a5580000)
 Metaspace       used 90840K, capacity 94244K, committed 94296K, reserved 1130496K
  class space    used 11758K, capacity 12402K, committed 12416K, reserved 1048576K
}
Event: 205.010 GC heap before
{Heap before GC invocations=26 (full 6):
 PSYoungGen      total 310784K, used 268800K [0x00000000e0000000, 0x00000000f9100000, 0x0000000100000000)
  eden space 268800K, 100% used [0x00000000e0000000,0x00000000f0680000,0x00000000f0680000)
  from space 41984K, 0% used [0x00000000f3d80000,0x00000000f3d80000,0x00000000f6680000)
  to   space 56320K, 0% used [0x00000000f0680000,0x00000000f0680000,0x00000000f3d80000)
 ParOldGen       total 87552K, used 87162K [0x00000000a0000000, 0x00000000a5580000, 0x00000000e0000000)
  object space 87552K, 99% used [0x00000000a0000000,0x00000000a551ea10,0x00000000a5580000)
 Metaspace       used 91148K, capacity 94624K, committed 94936K, reserved 1132544K
  class space    used 11799K, capacity 12478K, committed 12544K, reserved 1048576K
Event: 205.666 GC heap after
Heap after GC invocations=26 (full 6):
 PSYoungGen      total 310784K, used 0K [0x00000000e0000000, 0x00000000f9100000, 0x0000000100000000)
  eden space 268800K, 0% used [0x00000000e0000000,0x00000000e0000000,0x00000000f0680000)
  from space 41984K, 0% used [0x00000000f3d80000,0x00000000f3d80000,0x00000000f6680000)
  to   space 56320K, 0% used [0x00000000f0680000,0x00000000f0680000,0x00000000f3d80000)
 ParOldGen       total 87552K, used 87347K [0x00000000a0000000, 0x00000000a5580000, 0x00000000e0000000)
  object space 87552K, 99% used [0x00000000a0000000,0x00000000a554cd38,0x00000000a5580000)
 Metaspace       used 91148K, capacity 94624K, committed 94936K, reserved 1132544K
  class space    used 11799K, capacity 12478K, committed 12544K, reserved 1048576K
}

Deoptimization events (10 events):
Event: 205.810 Thread 0x0000000018bd6000 Uncommon trap: reason=unstable_if action=reinterpret pc=0x0000000003799b84 method=java.util.HashMap.getNode(ILjava/lang/Object;)Ljava/util/HashMap$Node; @ 84
Event: 205.811 Thread 0x0000000018bd6000 Uncommon trap: reason=unstable_if action=reinterpret pc=0x0000000005f98ea8 method=java.util.HashMap.putVal(ILjava/lang/Object;Ljava/lang/Object;ZZ)Ljava/lang/Object; @ 109
Event: 205.811 Thread 0x0000000018bd6000 Uncommon trap: reason=unstable_if action=reinterpret pc=0x0000000002d86a2c method=java.util.HashMap.getNode(ILjava/lang/Object;)Ljava/util/HashMap$Node; @ 84
Event: 205.811 Thread 0x0000000018bd6000 Uncommon trap: reason=unstable_if action=reinterpret pc=0x0000000005f88590 method=java.util.HashMap.putVal(ILjava/lang/Object;Ljava/lang/Object;ZZ)Ljava/lang/Object; @ 109
Event: 205.923 Thread 0x000000001be71800 Uncommon trap: reason=unstable_if action=reinterpret pc=0x0000000004f07298 method=com.android.tools.r8.ir.regalloc.LinearScanRegisterAllocator.a(Lcom/android/tools/r8/ir/code/Instruction;Lcom/android/tools/r8/ir/regalloc/LinearScanRegisterAllocator$b;)Z @
Event: 205.967 Thread 0x000000001be71800 Uncommon trap: reason=class_check action=maybe_recompile pc=0x0000000005fca7a8 method=com.android.tools.r8.ir.conversion.N.a(Lcom/android/tools/r8/t/a/a/G/a;Lcom/android/tools/r8/ir/conversion/IRBuilder;)V @ 814
Event: 206.368 Thread 0x000000001be71800 Uncommon trap: reason=unstable_if action=reinterpret pc=0x0000000004ca8e14 method=java.util.TimSort.countRunAndMakeAscending([Ljava/lang/Object;IILjava/util/Comparator;)I @ 27
Event: 206.447 Thread 0x000000001be71800 Uncommon trap: reason=bimorphic action=maybe_recompile pc=0x0000000004fbcd90 method=com.android.tools.r8.graph.DexEncodedField.a(Lcom/android/tools/r8/dex/g;Lcom/android/tools/r8/graph/DexMethod;I)V @ 37
Event: 206.447 Thread 0x000000001be71800 Uncommon trap: reason=unstable_if action=reinterpret pc=0x0000000004fbd334 method=com.android.tools.r8.graph.DexEncodedField.a(Lcom/android/tools/r8/dex/g;Lcom/android/tools/r8/graph/DexMethod;I)V @ 27
Event: 206.537 Thread 0x000000001be71800 Uncommon trap: reason=unstable_if action=reinterpret pc=0x00000000048770e8 method=java.util.Arrays.equals([Ljava/lang/Object;[Ljava/lang/Object;)Z @ 47

Classes redefined (0 events):
No events

Internal exceptions (10 events):
Event: 205.942 Thread 0x0000000018bd4000 Exception <a 'sun/nio/fs/WindowsException'> (0x00000000e15e04f0) thrown at [D:\src\AOSP-openjdk-cygwin\jdk8u\hotspot\src\share\vm\prims\jni.cpp, line 710]
Event: 206.064 Thread 0x0000000018bd4000 Exception <a 'sun/nio/fs/WindowsException'> (0x00000000e416aad0) thrown at [D:\src\AOSP-openjdk-cygwin\jdk8u\hotspot\src\share\vm\prims\jni.cpp, line 710]
Event: 206.194 Thread 0x0000000018bd4000 Exception <a 'sun/nio/fs/WindowsException'> (0x00000000e41b1f28) thrown at [D:\src\AOSP-openjdk-cygwin\jdk8u\hotspot\src\share\vm\prims\jni.cpp, line 710]
Event: 206.352 Thread 0x0000000018bd4000 Exception <a 'sun/nio/fs/WindowsException'> (0x00000000e74ecc40) thrown at [D:\src\AOSP-openjdk-cygwin\jdk8u\hotspot\src\share\vm\prims\jni.cpp, line 710]
Event: 206.477 Thread 0x0000000018bd4000 Exception <a 'sun/nio/fs/WindowsException'> (0x00000000e88ccfd8) thrown at [D:\src\AOSP-openjdk-cygwin\jdk8u\hotspot\src\share\vm\prims\jni.cpp, line 710]
Event: 206.605 Thread 0x0000000018bd4000 Exception <a 'sun/nio/fs/WindowsException'> (0x00000000e9786390) thrown at [D:\src\AOSP-openjdk-cygwin\jdk8u\hotspot\src\share\vm\prims\jni.cpp, line 710]
Event: 206.711 Thread 0x000000001be71800 Exception <a 'sun/nio/fs/WindowsException'> (0x00000000e936cc18) thrown at [D:\src\AOSP-openjdk-cygwin\jdk8u\hotspot\src\share\vm\prims\jni.cpp, line 710]
Event: 206.714 Thread 0x0000000018bd4000 Exception <a 'sun/nio/fs/WindowsException'> (0x00000000ea026c40) thrown at [D:\src\AOSP-openjdk-cygwin\jdk8u\hotspot\src\share\vm\prims\jni.cpp, line 710]
Event: 206.810 Thread 0x0000000018bd4000 Exception <a 'sun/nio/fs/WindowsException'> (0x00000000eb1c8368) thrown at [D:\src\AOSP-openjdk-cygwin\jdk8u\hotspot\src\share\vm\prims\jni.cpp, line 710]
Event: 206.839 Thread 0x0000000018bd4000 Exception <a 'sun/nio/fs/WindowsException'> (0x00000000eb6bd5d8) thrown at [D:\src\AOSP-openjdk-cygwin\jdk8u\hotspot\src\share\vm\prims\jni.cpp, line 710]

Events (10 events):
Event: 206.791 Thread 0x000000001be71800 DEOPT PACKING pc=0x00000000046d8bb4 sp=0x0000000021c5f090
Event: 206.791 Thread 0x000000001be71800 DEOPT UNPACKING pc=0x0000000002cb71d0 sp=0x0000000021c5ee80 mode 0
Event: 206.812 loading class com/android/tools/r8/ir/regalloc/RegisterAllocator
Event: 206.812 loading class com/android/tools/r8/ir/regalloc/RegisterAllocator done
Event: 206.813 loading class com/android/tools/r8/ir/code/Value
Event: 206.813 loading class com/android/tools/r8/ir/code/Value done
Event: 206.813 loading class com/android/tools/r8/ir/regalloc/RegisterAllocator
Event: 206.813 loading class com/android/tools/r8/ir/regalloc/RegisterAllocator done
Event: 206.874 Executing VM operation: ForceSafepoint
Event: 206.875 Executing VM operation: ForceSafepoint done


Dynamic libraries:
0x00007ff6416a0000 - 0x00007ff6416d1000 	C:\Program Files\Android\Android Studio\jre\bin\java.exe
0x00007ff8f6d60000 - 0x00007ff8f6f50000 	C:\WINDOWS\SYSTEM32\ntdll.dll
0x00007ff8f6220000 - 0x00007ff8f62d2000 	C:\WINDOWS\System32\KERNEL32.DLL
0x00007ff8f43e0000 - 0x00007ff8f4683000 	C:\WINDOWS\System32\KERNELBASE.dll
0x00007ff8f6950000 - 0x00007ff8f69f3000 	C:\WINDOWS\System32\ADVAPI32.dll
0x00007ff8f55a0000 - 0x00007ff8f563e000 	C:\WINDOWS\System32\msvcrt.dll
0x00007ff8f5500000 - 0x00007ff8f5597000 	C:\WINDOWS\System32\sechost.dll
0x00007ff8f57a0000 - 0x00007ff8f58c0000 	C:\WINDOWS\System32\RPCRT4.dll
0x00007ff8f6630000 - 0x00007ff8f67c4000 	C:\WINDOWS\System32\USER32.dll
0x00007ff8f3cf0000 - 0x00007ff8f3d11000 	C:\WINDOWS\System32\win32u.dll
0x00007ff8f6ae0000 - 0x00007ff8f6b06000 	C:\WINDOWS\System32\GDI32.dll
0x00007ff8f3ff0000 - 0x00007ff8f4184000 	C:\WINDOWS\System32\gdi32full.dll
0x00007ff8f4290000 - 0x00007ff8f432e000 	C:\WINDOWS\System32\msvcp_win.dll
0x00007ff8f4190000 - 0x00007ff8f428a000 	C:\WINDOWS\System32\ucrtbase.dll
0x00007ff8e6a80000 - 0x00007ff8e6d05000 	C:\WINDOWS\WinSxS\amd64_microsoft.windows.common-controls_6595b64144ccf1df_6.0.18362.657_none_e6c5b579130e3898\COMCTL32.dll
0x00007ff8f62e0000 - 0x00007ff8f6616000 	C:\WINDOWS\System32\combase.dll
0x00007ff8f3f20000 - 0x00007ff8f3fa0000 	C:\WINDOWS\System32\bcryptPrimitives.dll
0x00007ff8f5fd0000 - 0x00007ff8f5ffe000 	C:\WINDOWS\System32\IMM32.DLL
0x00000000697d0000 - 0x00000000698a2000 	C:\Program Files\Android\Android Studio\jre\jre\bin\msvcr100.dll
0x00000000698b0000 - 0x000000006a0f6000 	C:\Program Files\Android\Android Studio\jre\jre\bin\server\jvm.dll
0x00007ff8f6060000 - 0x00007ff8f6068000 	C:\WINDOWS\System32\PSAPI.DLL
0x00007ff8e5ff0000 - 0x00007ff8e5ff9000 	C:\WINDOWS\SYSTEM32\WSOCK32.dll
0x00007ff8f61b0000 - 0x00007ff8f621f000 	C:\WINDOWS\System32\WS2_32.dll
0x00007ff8f1810000 - 0x00007ff8f1834000 	C:\WINDOWS\SYSTEM32\WINMM.dll
0x00007ff8ece90000 - 0x00007ff8ece9a000 	C:\WINDOWS\SYSTEM32\VERSION.dll
0x00007ff8f1600000 - 0x00007ff8f162d000 	C:\WINDOWS\SYSTEM32\WINMMBASE.dll
0x00007ff8f3fa0000 - 0x00007ff8f3fea000 	C:\WINDOWS\System32\cfgmgr32.dll
0x00007ff8e6a50000 - 0x00007ff8e6a5f000 	C:\Program Files\Android\Android Studio\jre\jre\bin\verify.dll
0x00007ff8df8f0000 - 0x00007ff8df919000 	C:\Program Files\Android\Android Studio\jre\jre\bin\java.dll
0x00007ff8e5900000 - 0x00007ff8e5916000 	C:\Program Files\Android\Android Studio\jre\jre\bin\zip.dll
0x00007ff8f4e10000 - 0x00007ff8f54f5000 	C:\WINDOWS\System32\SHELL32.dll
0x00007ff8f6080000 - 0x00007ff8f6129000 	C:\WINDOWS\System32\shcore.dll
0x00007ff8f4690000 - 0x00007ff8f4e0f000 	C:\WINDOWS\System32\windows.storage.dll
0x00007ff8f3c90000 - 0x00007ff8f3caf000 	C:\WINDOWS\System32\profapi.dll
0x00007ff8f3c40000 - 0x00007ff8f3c8a000 	C:\WINDOWS\System32\powrprof.dll
0x00007ff8f3c30000 - 0x00007ff8f3c40000 	C:\WINDOWS\System32\UMPDC.dll
0x00007ff8f68f0000 - 0x00007ff8f6942000 	C:\WINDOWS\System32\shlwapi.dll
0x00007ff8f3cb0000 - 0x00007ff8f3cc1000 	C:\WINDOWS\System32\kernel.appcore.dll
0x00007ff8f3f00000 - 0x00007ff8f3f17000 	C:\WINDOWS\System32\cryptsp.dll
0x00007ff8e03c0000 - 0x00007ff8e03da000 	C:\Program Files\Android\Android Studio\jre\jre\bin\net.dll
0x00007ff8f34a0000 - 0x00007ff8f3507000 	C:\WINDOWS\system32\mswsock.dll
0x00007ff8dfbe0000 - 0x00007ff8dfbf1000 	C:\Program Files\Android\Android Studio\jre\jre\bin\nio.dll
0x00007ff8d1dc0000 - 0x00007ff8d1de6000 	C:\Users\Rian03\.gradle\native\29\windows-amd64\native-platform.dll
0x00007ff8e6120000 - 0x00007ff8e612d000 	C:\Program Files\Android\Android Studio\jre\jre\bin\management.dll
0x00007ff8f2fb0000 - 0x00007ff8f2fe3000 	C:\WINDOWS\system32\rsaenh.dll
0x00007ff8f3d20000 - 0x00007ff8f3d46000 	C:\WINDOWS\System32\bcrypt.dll
0x00007ff8f3b50000 - 0x00007ff8f3b75000 	C:\WINDOWS\SYSTEM32\USERENV.dll
0x00007ff8f3670000 - 0x00007ff8f367c000 	C:\WINDOWS\SYSTEM32\CRYPTBASE.dll
0x00007ff8f31b0000 - 0x00007ff8f31ea000 	C:\WINDOWS\SYSTEM32\IPHLPAPI.DLL
0x00007ff8f6620000 - 0x00007ff8f6628000 	C:\WINDOWS\System32\NSI.dll
0x00007ff8ebb20000 - 0x00007ff8ebb36000 	C:\WINDOWS\SYSTEM32\dhcpcsvc6.DLL
0x00007ff8ebb00000 - 0x00007ff8ebb1c000 	C:\WINDOWS\SYSTEM32\dhcpcsvc.DLL
0x00007ff8f31f0000 - 0x00007ff8f32ba000 	C:\WINDOWS\SYSTEM32\DNSAPI.dll
0x00007ff8dfcd0000 - 0x00007ff8dfcee000 	C:\Users\Rian03\AppData\Local\Temp\native-platform5886945248653842494dir\native-platform.dll

VM Arguments:
jvm_args: -Xmx1536m -Dfile.encoding=windows-1252 -Duser.country=US -Duser.language=en -Duser.variant 
java_command: org.gradle.launcher.daemon.bootstrap.GradleDaemon 5.4.1
java_class_path (initial): C:\Users\Rian03\.gradle\wrapper\dists\gradle-5.4.1-all\3221gyojl5jsh0helicew7rwx\gradle-5.4.1\lib\gradle-launcher-5.4.1.jar
Launcher Type: SUN_STANDARD

Environment Variables:
PATH=C:\ProgramData\Oracle\Java\javapath;C:\WINDOWS\system32;C:\WINDOWS;C:\WINDOWS\System32\Wbem;C:\WINDOWS\System32\WindowsPowerShell\v1.0\;C:\WINDOWS\System32\OpenSSH\;C:\Program Files (x86)\AMD\ATI.ACE\Core-Static;C:\Program Files\Git\cmd;E:\Instalan Aplikasi\runtime\win64;E:\Instalan Aplikasi\bin;E:\Instalan Aplikasi\polyspace\bin;C:\wamp64\bin\php\php5.6.38;C:\composer;C:\Users\Rian03\AppData\Local\Microsoft\WindowsApps;C:\Users\Rian03\AppData\Local\Android\Sdk\platform-tools;C:\Users\Rian03\AppData\Roaming\Composer\vendor\bin;C:\Users\Rian03\AppData\Local\Programs\Python\Python38-32;
USERNAME=Rian03
OS=Windows_NT
PROCESSOR_IDENTIFIER=AMD64 Family 21 Model 19 Stepping 1, AuthenticAMD



---------------  S Y S T E M  ---------------

OS: Windows 10.0 , 64 bit Build 18362 (10.0.18362.329)

CPU:total 4 (initial active 4) (4 cores per cpu, 1 threads per core) family 21 model 19 stepping 1, cmov, cx8, fxsr, mmx, sse, sse2, sse3, ssse3, sse4.1, sse4.2, popcnt, avx, aes, clmul, mmxext, 3dnowpref, lzcnt, sse4a, tsc, tscinvbit, tscinv, bmi1

Memory: 4k page, physical 3627448k(679660k free), swap 14637496k(2420k free)

vm_info: OpenJDK 64-Bit Server VM (25.202-b03) for windows-amd64 JRE (1.8.0_202-release-1483-b03), built by "builder" with MS VC++ 10.0 (VS2010)

time: Sat Mar 21 20:40:02 2020
timezone: SE Asia Standard Time
elapsed time: 206 seconds (0d 0h 3m 26s)

