#
# There is insufficient memory for the Java Runtime Environment to continue.
# Native memory allocation (malloc) failed to allocate 1202096 bytes for Chunk::new
# Possible reasons:
#   The system is out of physical RAM or swap space
#   The process is running with CompressedOops enabled, and the Java Heap may be blocking the growth of the native heap
# Possible solutions:
#   Reduce memory load on the system
#   Increase physical memory or swap space
#   Check if swap backing store is full
#   Decrease Java heap size (-Xmx/-Xms)
#   Decrease number of Java threads
#   Decrease Java thread stack sizes (-Xss)
#   Set larger code cache with -XX:ReservedCodeCacheSize=
#   JVM is running with Unscaled Compressed Oops mode in which the Java heap is
#     placed in the first 4GB address space. The Java Heap base address is the
#     maximum limit for the native heap growth. Please use -XX:HeapBaseMinAddress
#     to set the Java Heap base and to place the Java Heap above 4GB virtual address.
# This output file may be truncated or incomplete.
#
#  Out of Memory Error (allocation.cpp:389), pid=4284, tid=0x0000000000002624
#
# JRE version: OpenJDK Runtime Environment (8.0_202-b03) (build 1.8.0_202-release-1483-b03)
# Java VM: OpenJDK 64-Bit Server VM (25.202-b03 mixed mode windows-amd64 compressed oops)
# Failed to write core dump. Minidumps are not enabled by default on client versions of Windows
#

---------------  T H R E A D  ---------------

Current thread (0x000000001691c800):  JavaThread "C2 CompilerThread0" daemon [_thread_in_native, id=9764, stack(0x0000000017f70000,0x0000000018070000)]

Stack: [0x0000000017f70000,0x0000000018070000]
[error occurred during error reporting (printing stack bounds), id 0xc0000005]

Native frames: (J=compiled Java code, j=interpreted, Vv=VM code, C=native code)


Current CompileTask:
C2:  97043 13624   !   4       java.nio.file.Files::walkFileTree (355 bytes)


---------------  P R O C E S S  ---------------

Java Threads: ( => current thread )
  0x000000001ba09000 JavaThread "Cache worker for execution history cache (D:\kuliah\semester 6\Kewirausahaan\Project\KancaTani\.gradle\5.4.1\executionHistory)" [_thread_blocked, id=11424, stack(0x0000000025f50000,0x0000000026050000)]
  0x000000001ba0d800 JavaThread "Execution worker for ':' Thread 3" [_thread_in_native, id=11748, stack(0x0000000025c50000,0x0000000025d50000)]
  0x000000001ba0d000 JavaThread "Execution worker for ':' Thread 2" [_thread_in_native, id=1956, stack(0x0000000025b50000,0x0000000025c50000)]
  0x000000001ba06000 JavaThread "Execution worker for ':'" [_thread_in_native, id=5012, stack(0x0000000025a50000,0x0000000025b50000)]
  0x000000001ba0a000 JavaThread "Cache worker for file content cache (D:\kuliah\semester 6\Kewirausahaan\Project\KancaTani\.gradle\5.4.1\fileContent)" [_thread_blocked, id=10620, stack(0x0000000025950000,0x0000000025a50000)]
  0x000000001ba0a800 JavaThread "Cache worker for file content cache (C:\Users\Rian03\.gradle\caches\5.4.1\fileContent)" [_thread_blocked, id=11008, stack(0x0000000025850000,0x0000000025950000)]
  0x000000001ba07800 JavaThread "Cache worker for Build Output Cleanup Cache (D:\kuliah\semester 6\Kewirausahaan\Project\KancaTani\.gradle\buildOutputCleanup)" [_thread_blocked, id=9296, stack(0x000000001ea30000,0x000000001eb30000)]
  0x000000001ba0c000 JavaThread "Build operations Thread 4" [_thread_blocked, id=4156, stack(0x0000000020980000,0x0000000020a80000)]
  0x0000000019cda800 JavaThread "Build operations Thread 3" [_thread_blocked, id=7648, stack(0x0000000020280000,0x0000000020380000)]
  0x0000000019cd9000 JavaThread "Build operations Thread 2" [_thread_blocked, id=3340, stack(0x0000000020180000,0x0000000020280000)]
  0x0000000019cd8000 JavaThread "Build operations" [_thread_blocked, id=12236, stack(0x000000001f380000,0x000000001f480000)]
  0x0000000019cd7800 JavaThread "Cache worker for cache directory md-rule (C:\Users\Rian03\.gradle\caches\5.4.1\md-rule)" [_thread_blocked, id=2520, stack(0x000000001e930000,0x000000001ea30000)]
  0x000000001c9df800 JavaThread "Cache worker for cache directory md-supplier (C:\Users\Rian03\.gradle\caches\5.4.1\md-supplier)" [_thread_blocked, id=6708, stack(0x000000001b1c0000,0x000000001b2c0000)]
  0x000000001c9d5000 JavaThread "Cache worker for file hash cache (D:\kuliah\semester 6\Kewirausahaan\Project\KancaTani\.gradle\5.4.1\fileHashes)" [_thread_blocked, id=2524, stack(0x000000001b0c0000,0x000000001b1c0000)]
  0x000000001c9d4000 JavaThread "Thread-43" [_thread_blocked, id=8648, stack(0x000000001afc0000,0x000000001b0c0000)]
  0x000000001c9d2800 JavaThread "Stdin handler" [_thread_blocked, id=464, stack(0x000000001adc0000,0x000000001aec0000)]
  0x000000001c9d9800 JavaThread "Asynchronous log dispatcher for DefaultDaemonConnection: socket connection from /127.0.0.1:54842 to /127.0.0.1:54853" [_thread_blocked, id=11412, stack(0x000000001aac0000,0x000000001abc0000)]
  0x000000001c9d8000 JavaThread "Cancel handler" [_thread_blocked, id=8840, stack(0x0000000002ca0000,0x0000000002da0000)]
  0x000000001c9d6800 JavaThread "Handler for socket connection from /127.0.0.1:54842 to /127.0.0.1:54853" [_thread_in_native, id=2772, stack(0x00000000012e0000,0x00000000013e0000)]
  0x000000001c9db000 JavaThread "Memory manager" [_thread_blocked, id=1500, stack(0x0000000022650000,0x0000000022750000)]
  0x000000001c9d7000 JavaThread "Cache worker for execution history cache (C:\Users\Rian03\.gradle\caches\5.4.1\executionHistory)" [_thread_blocked, id=10876, stack(0x000000001f480000,0x000000001f580000)]
  0x0000000019cd9800 JavaThread "Cache worker for journal cache (C:\Users\Rian03\.gradle\caches\journal-1)" [_thread_blocked, id=2640, stack(0x000000001b6c0000,0x000000001b7c0000)]
  0x0000000019cd4000 JavaThread "File lock request listener" [_thread_in_native, id=5940, stack(0x000000001b3c0000,0x000000001b4c0000)]
  0x0000000019c04000 JavaThread "Cache worker for file hash cache (C:\Users\Rian03\.gradle\caches\5.4.1\fileHashes)" [_thread_blocked, id=11648, stack(0x000000001b2c0000,0x000000001b3c0000)]
  0x0000000019b5d000 JavaThread "Daemon worker" [_thread_in_native, id=2924, stack(0x000000001aec0000,0x000000001afc0000)]
  0x000000001950c000 JavaThread "Daemon" [_thread_blocked, id=11080, stack(0x000000001a9c0000,0x000000001aac0000)]
  0x000000001956d800 JavaThread "Daemon periodic checks" [_thread_blocked, id=10740, stack(0x000000001a8c0000,0x000000001a9c0000)]
  0x00000000199a0000 JavaThread "Incoming local TCP Connector on port 54842" [_thread_in_native, id=12276, stack(0x000000001a680000,0x000000001a780000)]
  0x0000000019796000 JavaThread "Daemon health stats" [_thread_blocked, id=9416, stack(0x000000001a040000,0x000000001a140000)]
  0x0000000018280800 JavaThread "Service Thread" daemon [_thread_blocked, id=3244, stack(0x0000000018670000,0x0000000018770000)]
  0x0000000016924000 JavaThread "C1 CompilerThread2" daemon [_thread_blocked, id=10540, stack(0x0000000018170000,0x0000000018270000)]
  0x0000000016920000 JavaThread "C2 CompilerThread1" daemon [_thread_blocked, id=10100, stack(0x0000000018070000,0x0000000018170000)]
=>0x000000001691c800 JavaThread "C2 CompilerThread0" daemon [_thread_in_native, id=9764, stack(0x0000000017f70000,0x0000000018070000)]
  0x000000001691b800 JavaThread "Attach Listener" daemon [_thread_blocked, id=5656, stack(0x0000000017e70000,0x0000000017f70000)]
  0x000000001691a000 JavaThread "Signal Dispatcher" daemon [_thread_blocked, id=6392, stack(0x0000000017d70000,0x0000000017e70000)]
  0x0000000002fad000 JavaThread "Finalizer" daemon [_thread_blocked, id=11280, stack(0x0000000017b70000,0x0000000017c70000)]
  0x0000000002fa3000 JavaThread "Reference Handler" daemon [_thread_blocked, id=11372, stack(0x0000000017a70000,0x0000000017b70000)]
  0x0000000002c9d800 JavaThread "main" [_thread_blocked, id=8140, stack(0x0000000002db0000,0x0000000002eb0000)]

Other Threads:
  0x00000000168e6000 VMThread [stack: 0x0000000017970000,0x0000000017a70000] [id=4684]
  0x0000000018281000 WatcherThread [stack: 0x0000000018770000,0x0000000018870000] [id=11356]

VM state:not at safepoint (normal execution)

VM Mutex/Monitor currently owned by a thread: None

heap address: 0x00000000a0000000, size: 1536 MB, Compressed Oops mode: 32-bit
Narrow klass base: 0x0000000000000000, Narrow klass shift: 3
Compressed class space size: 1073741824 Address: 0x0000000100000000

Heap:
 PSYoungGen      total 384000K, used 22490K [0x00000000e0000000, 0x00000000fd280000, 0x0000000100000000)
  eden space 355328K, 5% used [0x00000000e0000000,0x00000000e140fd10,0x00000000f5b00000)
  from space 28672K, 6% used [0x00000000f5b00000,0x00000000f5ce6b00,0x00000000f7700000)
  to   space 39936K, 0% used [0x00000000fab80000,0x00000000fab80000,0x00000000fd280000)
 ParOldGen       total 155648K, used 85428K [0x00000000a0000000, 0x00000000a9800000, 0x00000000e0000000)
  object space 155648K, 54% used [0x00000000a0000000,0x00000000a536d348,0x00000000a9800000)
 Metaspace       used 80081K, capacity 83400K, committed 83840K, reserved 1122304K
  class space    used 10390K, capacity 11081K, committed 11136K, reserved 1048576K

Card table byte_map: [0x0000000012370000,0x0000000012680000] byte_map_base: 0x0000000011e70000

Marking Bits: (ParMarkBitMap*) 0x000000006a079f30
 Begin Bits: [0x0000000012c80000, 0x0000000014480000)
 End Bits:   [0x0000000014480000, 0x0000000015c80000)

Polling page: 0x0000000001420000

CodeCache: size=245760Kb used=38390Kb max_used=38504Kb free=207370Kb
 bounds [0x0000000002fb0000, 0x0000000005580000, 0x0000000011fb0000]
 total_blobs=12033 nmethods=11196 adapters=750
 compilation: enabled

Compilation events (10 events):
Event: 96.268 Thread 0x0000000016924000 13662       3       com.sun.org.apache.xerces.internal.impl.XMLEntityManager$CharacterBufferPool::<init> (24 bytes)
Event: 96.268 Thread 0x0000000016924000 nmethod 13662 0x000000000365bed0 code [0x000000000365c040, 0x000000000365c3b0]
Event: 96.274 Thread 0x0000000016924000 13663       3       com.sun.org.apache.xerces.internal.impl.XMLEntityManager$CharacterBufferPool::init (33 bytes)
Event: 96.275 Thread 0x0000000016924000 nmethod 13663 0x00000000035e78d0 code [0x00000000035e7a20, 0x00000000035e7cd0]
Event: 96.276 Thread 0x0000000016924000 13664       3       com.sun.xml.internal.stream.XMLEntityStorage::<init> (26 bytes)
Event: 96.277 Thread 0x0000000016924000 nmethod 13664 0x000000000346b790 code [0x000000000346b900, 0x000000000346bc70]
Event: 96.383 Thread 0x0000000016920000 13666       4       com.sun.org.apache.xerces.internal.xni.XMLString::<init> (5 bytes)
Event: 96.384 Thread 0x0000000016920000 nmethod 13666 0x00000000054e6250 code [0x00000000054e6380, 0x00000000054e63d8]
Event: 96.888 Thread 0x0000000016924000 13667       1       java.util.concurrent.ThreadPoolExecutor::getQueue (5 bytes)
Event: 96.889 Thread 0x0000000016924000 nmethod 13667 0x000000000316a850 code [0x000000000316a9a0, 0x000000000316aab0]

GC Heap History (10 events):
Event: 31.993 GC heap before
{Heap before GC invocations=19 (full 3):
 PSYoungGen      total 293376K, used 281690K [0x00000000e0000000, 0x00000000f6e80000, 0x0000000100000000)
  eden space 270848K, 100% used [0x00000000e0000000,0x00000000f0880000,0x00000000f0880000)
  from space 22528K, 48% used [0x00000000f0880000,0x00000000f1316a50,0x00000000f1e80000)
  to   space 22016K, 0% used [0x00000000f5900000,0x00000000f5900000,0x00000000f6e80000)
 ParOldGen       total 85504K, used 57723K [0x00000000a0000000, 0x00000000a5380000, 0x00000000e0000000)
  object space 85504K, 67% used [0x00000000a0000000,0x00000000a385ecb8,0x00000000a5380000)
 Metaspace       used 67318K, capacity 69750K, committed 70016K, reserved 1110016K
  class space    used 8949K, capacity 9507K, committed 9600K, reserved 1048576K
Event: 32.017 GC heap after
Heap after GC invocations=19 (full 3):
 PSYoungGen      total 335872K, used 9226K [0x00000000e0000000, 0x00000000f6500000, 0x0000000100000000)
  eden space 323584K, 0% used [0x00000000e0000000,0x00000000e0000000,0x00000000f3c00000)
  from space 12288K, 75% used [0x00000000f5900000,0x00000000f6202930,0x00000000f6500000)
  to   space 20992K, 0% used [0x00000000f3c00000,0x00000000f3c00000,0x00000000f5080000)
 ParOldGen       total 85504K, used 57731K [0x00000000a0000000, 0x00000000a5380000, 0x00000000e0000000)
  object space 85504K, 67% used [0x00000000a0000000,0x00000000a3860cb8,0x00000000a5380000)
 Metaspace       used 67318K, capacity 69750K, committed 70016K, reserved 1110016K
  class space    used 8949K, capacity 9507K, committed 9600K, reserved 1048576K
}
Event: 39.351 GC heap before
{Heap before GC invocations=20 (full 3):
 PSYoungGen      total 335872K, used 332810K [0x00000000e0000000, 0x00000000f6500000, 0x0000000100000000)
  eden space 323584K, 100% used [0x00000000e0000000,0x00000000f3c00000,0x00000000f3c00000)
  from space 12288K, 75% used [0x00000000f5900000,0x00000000f6202930,0x00000000f6500000)
  to   space 20992K, 0% used [0x00000000f3c00000,0x00000000f3c00000,0x00000000f5080000)
 ParOldGen       total 85504K, used 57731K [0x00000000a0000000, 0x00000000a5380000, 0x00000000e0000000)
  object space 85504K, 67% used [0x00000000a0000000,0x00000000a3860cb8,0x00000000a5380000)
 Metaspace       used 71848K, capacity 74396K, committed 74752K, reserved 1114112K
  class space    used 9583K, capacity 10146K, committed 10240K, reserved 1048576K
Event: 39.414 GC heap after
Heap after GC invocations=20 (full 3):
 PSYoungGen      total 344576K, used 18005K [0x00000000e0000000, 0x00000000f8d00000, 0x0000000100000000)
  eden space 323584K, 0% used [0x00000000e0000000,0x00000000e0000000,0x00000000f3c00000)
  from space 20992K, 85% used [0x00000000f3c00000,0x00000000f4d95660,0x00000000f5080000)
  to   space 22528K, 0% used [0x00000000f7700000,0x00000000f7700000,0x00000000f8d00000)
 ParOldGen       total 85504K, used 57739K [0x00000000a0000000, 0x00000000a5380000, 0x00000000e0000000)
  object space 85504K, 67% used [0x00000000a0000000,0x00000000a3862cb8,0x00000000a5380000)
 Metaspace       used 71848K, capacity 74396K, committed 74752K, reserved 1114112K
  class space    used 9583K, capacity 10146K, committed 10240K, reserved 1048576K
}
Event: 53.939 GC heap before
{Heap before GC invocations=21 (full 3):
 PSYoungGen      total 344576K, used 341589K [0x00000000e0000000, 0x00000000f8d00000, 0x0000000100000000)
  eden space 323584K, 100% used [0x00000000e0000000,0x00000000f3c00000,0x00000000f3c00000)
  from space 20992K, 85% used [0x00000000f3c00000,0x00000000f4d95660,0x00000000f5080000)
  to   space 22528K, 0% used [0x00000000f7700000,0x00000000f7700000,0x00000000f8d00000)
 ParOldGen       total 85504K, used 57739K [0x00000000a0000000, 0x00000000a5380000, 0x00000000e0000000)
  object space 85504K, 67% used [0x00000000a0000000,0x00000000a3862cb8,0x00000000a5380000)
 Metaspace       used 73786K, capacity 76630K, committed 76800K, reserved 1116160K
  class space    used 9792K, capacity 10395K, committed 10496K, reserved 1048576K
Event: 54.034 GC heap after
Heap after GC invocations=21 (full 3):
 PSYoungGen      total 377856K, used 22500K [0x00000000e0000000, 0x00000000f9500000, 0x0000000100000000)
  eden space 355328K, 0% used [0x00000000e0000000,0x00000000e0000000,0x00000000f5b00000)
  from space 22528K, 99% used [0x00000000f7700000,0x00000000f8cf9180,0x00000000f8d00000)
  to   space 28672K, 0% used [0x00000000f5b00000,0x00000000f5b00000,0x00000000f7700000)
 ParOldGen       total 85504K, used 65400K [0x00000000a0000000, 0x00000000a5380000, 0x00000000e0000000)
  object space 85504K, 76% used [0x00000000a0000000,0x00000000a3fde078,0x00000000a5380000)
 Metaspace       used 73786K, capacity 76630K, committed 76800K, reserved 1116160K
  class space    used 9792K, capacity 10395K, committed 10496K, reserved 1048576K
}
Event: 90.472 GC heap before
{Heap before GC invocations=22 (full 3):
 PSYoungGen      total 377856K, used 377828K [0x00000000e0000000, 0x00000000f9500000, 0x0000000100000000)
  eden space 355328K, 100% used [0x00000000e0000000,0x00000000f5b00000,0x00000000f5b00000)
  from space 22528K, 99% used [0x00000000f7700000,0x00000000f8cf9180,0x00000000f8d00000)
  to   space 28672K, 0% used [0x00000000f5b00000,0x00000000f5b00000,0x00000000f7700000)
 ParOldGen       total 85504K, used 65400K [0x00000000a0000000, 0x00000000a5380000, 0x00000000e0000000)
  object space 85504K, 76% used [0x00000000a0000000,0x00000000a3fde078,0x00000000a5380000)
 Metaspace       used 80150K, capacity 83652K, committed 83840K, reserved 1122304K
  class space    used 10417K, capacity 11131K, committed 11136K, reserved 1048576K
Event: 91.426 GC heap after
Heap after GC invocations=22 (full 3):
 PSYoungGen      total 384000K, used 28651K [0x00000000e0000000, 0x00000000fd280000, 0x0000000100000000)
  eden space 355328K, 0% used [0x00000000e0000000,0x00000000e0000000,0x00000000f5b00000)
  from space 28672K, 99% used [0x00000000f5b00000,0x00000000f76faff8,0x00000000f7700000)
  to   space 39936K, 0% used [0x00000000fab80000,0x00000000fab80000,0x00000000fd280000)
 ParOldGen       total 85504K, used 84333K [0x00000000a0000000, 0x00000000a5380000, 0x00000000e0000000)
  object space 85504K, 98% used [0x00000000a0000000,0x00000000a525b5b0,0x00000000a5380000)
 Metaspace       used 80150K, capacity 83652K, committed 83840K, reserved 1122304K
  class space    used 10417K, capacity 11131K, committed 11136K, reserved 1048576K
}
Event: 91.426 GC heap before
{Heap before GC invocations=23 (full 4):
 PSYoungGen      total 384000K, used 28651K [0x00000000e0000000, 0x00000000fd280000, 0x0000000100000000)
  eden space 355328K, 0% used [0x00000000e0000000,0x00000000e0000000,0x00000000f5b00000)
  from space 28672K, 99% used [0x00000000f5b00000,0x00000000f76faff8,0x00000000f7700000)
  to   space 39936K, 0% used [0x00000000fab80000,0x00000000fab80000,0x00000000fd280000)
 ParOldGen       total 85504K, used 84333K [0x00000000a0000000, 0x00000000a5380000, 0x00000000e0000000)
  object space 85504K, 98% used [0x00000000a0000000,0x00000000a525b5b0,0x00000000a5380000)
 Metaspace       used 80150K, capacity 83652K, committed 83840K, reserved 1122304K
  class space    used 10417K, capacity 11131K, committed 11136K, reserved 1048576K
Event: 94.803 GC heap after
Heap after GC invocations=23 (full 4):
 PSYoungGen      total 384000K, used 1946K [0x00000000e0000000, 0x00000000fd280000, 0x0000000100000000)
  eden space 355328K, 0% used [0x00000000e0000000,0x00000000e0000000,0x00000000f5b00000)
  from space 28672K, 6% used [0x00000000f5b00000,0x00000000f5ce6b00,0x00000000f7700000)
  to   space 39936K, 0% used [0x00000000fab80000,0x00000000fab80000,0x00000000fd280000)
 ParOldGen       total 155648K, used 85428K [0x00000000a0000000, 0x00000000a9800000, 0x00000000e0000000)
  object space 155648K, 54% used [0x00000000a0000000,0x00000000a536d348,0x00000000a9800000)
 Metaspace       used 80061K, capacity 83394K, committed 83840K, reserved 1122304K
  class space    used 10388K, capacity 11080K, committed 11136K, reserved 1048576K
}

Deoptimization events (10 events):
Event: 87.883 Thread 0x0000000019b5d000 Uncommon trap: reason=unstable_if action=reinterpret pc=0x0000000005236ef4 method=org.gradle.api.internal.artifacts.transform.AttributeMatchingVariantSelector.doSelect(Lorg/gradle/api/internal/artifacts/ivyservice/resolveengine/artifact/ResolvedVariantSet
Event: 88.075 Thread 0x0000000019b5d000 Uncommon trap: reason=bimorphic action=maybe_recompile pc=0x0000000005371204 method=org.gradle.api.internal.artifacts.ivyservice.resolveengine.artifact.DefaultArtifactSet.select(Lorg/gradle/api/specs/Spec;Lorg/gradle/api/internal/artifacts/transform/Varia
Event: 88.075 Thread 0x0000000019b5d000 Uncommon trap: reason=bimorphic action=maybe_recompile pc=0x0000000005371204 method=org.gradle.api.internal.artifacts.ivyservice.resolveengine.artifact.DefaultArtifactSet.select(Lorg/gradle/api/specs/Spec;Lorg/gradle/api/internal/artifacts/transform/Varia
Event: 88.075 Thread 0x0000000019b5d000 Uncommon trap: reason=bimorphic action=maybe_recompile pc=0x0000000005371204 method=org.gradle.api.internal.artifacts.ivyservice.resolveengine.artifact.DefaultArtifactSet.select(Lorg/gradle/api/specs/Spec;Lorg/gradle/api/internal/artifacts/transform/Varia
Event: 88.075 Thread 0x0000000019b5d000 Uncommon trap: reason=bimorphic action=maybe_recompile pc=0x0000000005371204 method=org.gradle.api.internal.artifacts.ivyservice.resolveengine.artifact.DefaultArtifactSet.select(Lorg/gradle/api/specs/Spec;Lorg/gradle/api/internal/artifacts/transform/Varia
Event: 88.390 Thread 0x0000000019b5d000 Uncommon trap: reason=unstable_if action=reinterpret pc=0x000000000508dda0 method=kotlin.text.StringsKt__StringsKt.split$StringsKt__StringsKt(Ljava/lang/CharSequence;Ljava/lang/String;ZI)Ljava/util/List; @ 75
Event: 88.476 Thread 0x000000001ba0d800 Uncommon trap: reason=unstable_if action=reinterpret pc=0x00000000043b91a0 method=java.util.concurrent.ConcurrentLinkedQueue.poll()Ljava/lang/Object; @ 25
Event: 94.804 Thread 0x0000000002fa3000 Uncommon trap: reason=unstable_if action=reinterpret pc=0x00000000035f187c method=java.lang.ref.Reference.tryHandlePending(Z)Z @ 20
Event: 94.816 Thread 0x000000001ba0d000 Uncommon trap: reason=unstable_if action=reinterpret pc=0x000000000473c9b0 method=com.google.common.collect.MapMakerInternalMap$Segment.put(Ljava/lang/Object;ILjava/lang/Object;Z)Ljava/lang/Object; @ 92
Event: 95.170 Thread 0x000000001ba0d800 Uncommon trap: reason=unstable_if action=reinterpret pc=0x00000000050f6264 method=java.io.BufferedReader.readLine(Z)Ljava/lang/String; @ 192

Classes redefined (0 events):
No events

Internal exceptions (10 events):
Event: 95.257 Thread 0x000000001ba06000 Exception <a 'sun/nio/fs/WindowsException'> (0x00000000e1029e28) thrown at [D:\src\AOSP-openjdk-cygwin\jdk8u\hotspot\src\share\vm\prims\jni.cpp, line 710]
Event: 95.298 Thread 0x000000001ba0d000 Exception <a 'sun/nio/fs/WindowsException'> (0x00000000e10c9830) thrown at [D:\src\AOSP-openjdk-cygwin\jdk8u\hotspot\src\share\vm\prims\jni.cpp, line 710]
Event: 95.354 Thread 0x000000001ba0d800 Exception <a 'sun/nio/fs/WindowsException'> (0x00000000e111a1b0) thrown at [D:\src\AOSP-openjdk-cygwin\jdk8u\hotspot\src\share\vm\prims\jni.cpp, line 710]
Event: 95.361 Thread 0x0000000019b5d000 Exception <a 'sun/nio/fs/WindowsException'> (0x00000000e0a1a680) thrown at [D:\src\AOSP-openjdk-cygwin\jdk8u\hotspot\src\share\vm\prims\jni.cpp, line 710]
Event: 95.384 Thread 0x000000001ba06000 Exception <a 'sun/nio/fs/WindowsException'> (0x00000000e118d048) thrown at [D:\src\AOSP-openjdk-cygwin\jdk8u\hotspot\src\share\vm\prims\jni.cpp, line 710]
Event: 95.461 Thread 0x000000001ba0d800 Exception <a 'sun/nio/fs/WindowsException'> (0x00000000e12d8d58) thrown at [D:\src\AOSP-openjdk-cygwin\jdk8u\hotspot\src\share\vm\prims\jni.cpp, line 710]
Event: 95.515 Thread 0x000000001ba0d000 Exception <a 'sun/nio/fs/WindowsException'> (0x00000000e1288ef0) thrown at [D:\src\AOSP-openjdk-cygwin\jdk8u\hotspot\src\share\vm\prims\jni.cpp, line 710]
Event: 95.742 Thread 0x000000001ba06000 Exception <a 'sun/nio/fs/WindowsException'> (0x00000000e1256750) thrown at [D:\src\AOSP-openjdk-cygwin\jdk8u\hotspot\src\share\vm\prims\jni.cpp, line 710]
Event: 96.250 Thread 0x0000000019b5d000 Exception <a 'sun/nio/fs/WindowsException'> (0x00000000e0a54dd0) thrown at [D:\src\AOSP-openjdk-cygwin\jdk8u\hotspot\src\share\vm\prims\jni.cpp, line 710]
Event: 96.374 Thread 0x000000001ba0d800 Exception <a 'sun/nio/fs/WindowsException'> (0x00000000e130c6b0) thrown at [D:\src\AOSP-openjdk-cygwin\jdk8u\hotspot\src\share\vm\prims\jni.cpp, line 710]

Events (10 events):
Event: 96.385 Thread 0x0000000016920000 flushing nmethod 0x0000000003e64610
Event: 96.386 Thread 0x0000000016920000 flushing nmethod 0x0000000003f652d0
Event: 96.386 Thread 0x0000000016920000 flushing nmethod 0x0000000003fa7710
Event: 96.387 Thread 0x0000000016920000 flushing nmethod 0x0000000003ff2d50
Event: 96.889 Thread 0x0000000016924000 flushing nmethod 0x000000000403bd50
Event: 96.891 Thread 0x0000000016924000 flushing nmethod 0x00000000040f01d0
Event: 96.891 Thread 0x0000000016924000 flushing nmethod 0x0000000004177d90
Event: 96.892 Thread 0x0000000016924000 flushing nmethod 0x00000000042499d0
Event: 96.892 Thread 0x0000000016924000 flushing nmethod 0x0000000004295610
Event: 96.893 Thread 0x0000000016924000 flushing nmethod 0x00000000042f5610


Dynamic libraries:
0x00007ff6416a0000 - 0x00007ff6416d1000 	C:\Program Files\Android\Android Studio\jre\bin\java.exe
0x00007ff8f6d60000 - 0x00007ff8f6f50000 	C:\WINDOWS\SYSTEM32\ntdll.dll
0x00007ff8f6220000 - 0x00007ff8f62d2000 	C:\WINDOWS\System32\KERNEL32.DLL
0x00007ff8f43e0000 - 0x00007ff8f4683000 	C:\WINDOWS\System32\KERNELBASE.dll
0x00007ff8f6950000 - 0x00007ff8f69f3000 	C:\WINDOWS\System32\ADVAPI32.dll
0x00007ff8f55a0000 - 0x00007ff8f563e000 	C:\WINDOWS\System32\msvcrt.dll
0x00007ff8f5500000 - 0x00007ff8f5597000 	C:\WINDOWS\System32\sechost.dll
0x00007ff8f57a0000 - 0x00007ff8f58c0000 	C:\WINDOWS\System32\RPCRT4.dll
0x00007ff8f6630000 - 0x00007ff8f67c4000 	C:\WINDOWS\System32\USER32.dll
0x00007ff8f3cf0000 - 0x00007ff8f3d11000 	C:\WINDOWS\System32\win32u.dll
0x00007ff8f6ae0000 - 0x00007ff8f6b06000 	C:\WINDOWS\System32\GDI32.dll
0x00007ff8f3ff0000 - 0x00007ff8f4184000 	C:\WINDOWS\System32\gdi32full.dll
0x00007ff8f4290000 - 0x00007ff8f432e000 	C:\WINDOWS\System32\msvcp_win.dll
0x00007ff8f4190000 - 0x00007ff8f428a000 	C:\WINDOWS\System32\ucrtbase.dll
0x00007ff8e6a80000 - 0x00007ff8e6d05000 	C:\WINDOWS\WinSxS\amd64_microsoft.windows.common-controls_6595b64144ccf1df_6.0.18362.657_none_e6c5b579130e3898\COMCTL32.dll
0x00007ff8f62e0000 - 0x00007ff8f6616000 	C:\WINDOWS\System32\combase.dll
0x00007ff8f3f20000 - 0x00007ff8f3fa0000 	C:\WINDOWS\System32\bcryptPrimitives.dll
0x00007ff8f5fd0000 - 0x00007ff8f5ffe000 	C:\WINDOWS\System32\IMM32.DLL
0x00000000697d0000 - 0x00000000698a2000 	C:\Program Files\Android\Android Studio\jre\jre\bin\msvcr100.dll
0x00000000698b0000 - 0x000000006a0f6000 	C:\Program Files\Android\Android Studio\jre\jre\bin\server\jvm.dll
0x00007ff8f6060000 - 0x00007ff8f6068000 	C:\WINDOWS\System32\PSAPI.DLL
0x00007ff8e5ff0000 - 0x00007ff8e5ff9000 	C:\WINDOWS\SYSTEM32\WSOCK32.dll
0x00007ff8f1810000 - 0x00007ff8f1834000 	C:\WINDOWS\SYSTEM32\WINMM.dll
0x00007ff8f61b0000 - 0x00007ff8f621f000 	C:\WINDOWS\System32\WS2_32.dll
0x00007ff8f1600000 - 0x00007ff8f162d000 	C:\WINDOWS\SYSTEM32\winmmbase.dll
0x00007ff8f3fa0000 - 0x00007ff8f3fea000 	C:\WINDOWS\System32\cfgmgr32.dll
0x00007ff8ece90000 - 0x00007ff8ece9a000 	C:\WINDOWS\SYSTEM32\VERSION.dll
0x00007ff8e6a50000 - 0x00007ff8e6a5f000 	C:\Program Files\Android\Android Studio\jre\jre\bin\verify.dll
0x00007ff8df8f0000 - 0x00007ff8df919000 	C:\Program Files\Android\Android Studio\jre\jre\bin\java.dll
0x00007ff8e5900000 - 0x00007ff8e5916000 	C:\Program Files\Android\Android Studio\jre\jre\bin\zip.dll
0x00007ff8f4e10000 - 0x00007ff8f54f5000 	C:\WINDOWS\System32\SHELL32.dll
0x00007ff8f6080000 - 0x00007ff8f6129000 	C:\WINDOWS\System32\shcore.dll
0x00007ff8f4690000 - 0x00007ff8f4e0f000 	C:\WINDOWS\System32\windows.storage.dll
0x00007ff8f3c90000 - 0x00007ff8f3caf000 	C:\WINDOWS\System32\profapi.dll
0x00007ff8f3c40000 - 0x00007ff8f3c8a000 	C:\WINDOWS\System32\powrprof.dll
0x00007ff8f3c30000 - 0x00007ff8f3c40000 	C:\WINDOWS\System32\UMPDC.dll
0x00007ff8f68f0000 - 0x00007ff8f6942000 	C:\WINDOWS\System32\shlwapi.dll
0x00007ff8f3cb0000 - 0x00007ff8f3cc1000 	C:\WINDOWS\System32\kernel.appcore.dll
0x00007ff8f3f00000 - 0x00007ff8f3f17000 	C:\WINDOWS\System32\cryptsp.dll
0x00007ff8e03c0000 - 0x00007ff8e03da000 	C:\Program Files\Android\Android Studio\jre\jre\bin\net.dll
0x00007ff8f34a0000 - 0x00007ff8f3507000 	C:\WINDOWS\system32\mswsock.dll
0x00007ff8dfbe0000 - 0x00007ff8dfbf1000 	C:\Program Files\Android\Android Studio\jre\jre\bin\nio.dll
0x00007ff8d1dc0000 - 0x00007ff8d1de6000 	C:\Users\Rian03\.gradle\native\29\windows-amd64\native-platform.dll
0x00007ff8e6120000 - 0x00007ff8e612d000 	C:\Program Files\Android\Android Studio\jre\jre\bin\management.dll
0x00007ff8f2fb0000 - 0x00007ff8f2fe3000 	C:\WINDOWS\system32\rsaenh.dll
0x00007ff8f3d20000 - 0x00007ff8f3d46000 	C:\WINDOWS\System32\bcrypt.dll
0x00007ff8f3b50000 - 0x00007ff8f3b75000 	C:\WINDOWS\SYSTEM32\USERENV.dll
0x00007ff8f3670000 - 0x00007ff8f367c000 	C:\WINDOWS\SYSTEM32\CRYPTBASE.dll
0x00007ff8f31b0000 - 0x00007ff8f31ea000 	C:\WINDOWS\SYSTEM32\IPHLPAPI.DLL
0x00007ff8f6620000 - 0x00007ff8f6628000 	C:\WINDOWS\System32\NSI.dll
0x00007ff8ebb20000 - 0x00007ff8ebb36000 	C:\WINDOWS\SYSTEM32\dhcpcsvc6.DLL
0x00007ff8ebb00000 - 0x00007ff8ebb1c000 	C:\WINDOWS\SYSTEM32\dhcpcsvc.DLL
0x00007ff8f31f0000 - 0x00007ff8f32ba000 	C:\WINDOWS\SYSTEM32\DNSAPI.dll

VM Arguments:
jvm_args: -Xmx1536m -Dfile.encoding=windows-1252 -Duser.country=US -Duser.language=en -Duser.variant 
java_command: org.gradle.launcher.daemon.bootstrap.GradleDaemon 5.4.1
java_class_path (initial): C:\Users\Rian03\.gradle\wrapper\dists\gradle-5.4.1-all\3221gyojl5jsh0helicew7rwx\gradle-5.4.1\lib\gradle-launcher-5.4.1.jar
Launcher Type: SUN_STANDARD

Environment Variables:
PATH=C:\ProgramData\Oracle\Java\javapath;C:\WINDOWS\system32;C:\WINDOWS;C:\WINDOWS\System32\Wbem;C:\WINDOWS\System32\WindowsPowerShell\v1.0\;C:\WINDOWS\System32\OpenSSH\;C:\Program Files (x86)\AMD\ATI.ACE\Core-Static;C:\Program Files\Git\cmd;E:\Instalan Aplikasi\runtime\win64;E:\Instalan Aplikasi\bin;E:\Instalan Aplikasi\polyspace\bin;C:\wamp64\bin\php\php5.6.38;C:\composer;C:\Users\Rian03\AppData\Local\Microsoft\WindowsApps;C:\Users\Rian03\AppData\Local\Android\Sdk\platform-tools;C:\Users\Rian03\AppData\Roaming\Composer\vendor\bin;C:\Users\Rian03\AppData\Local\Programs\Python\Python38-32;
USERNAME=Rian03
OS=Windows_NT
PROCESSOR_IDENTIFIER=AMD64 Family 21 Model 19 Stepping 1, AuthenticAMD



---------------  S Y S T E M  ---------------

OS: Windows 10.0 , 64 bit Build 18362 (10.0.18362.329)

CPU:total 4 (initial active 4) (4 cores per cpu, 1 threads per core) family 21 model 19 stepping 1, cmov, cx8, fxsr, mmx, sse, sse2, sse3, ssse3, sse4.1, sse4.2, popcnt, avx, aes, clmul, mmxext, 3dnowpref, lzcnt, sse4a, tsc, tscinvbit, tscinv, bmi1

Memory: 4k page, physical 3627448k(219080k free), swap 14637496k(6172k free)

vm_info: OpenJDK 64-Bit Server VM (25.202-b03) for windows-amd64 JRE (1.8.0_202-release-1483-b03), built by "builder" with MS VC++ 10.0 (VS2010)

time: Sat Mar 21 20:43:12 2020
timezone: SE Asia Standard Time
elapsed time: 97 seconds (0d 0h 1m 37s)

